2019-10-15 13:22:28.575  INFO 10948 --- [main] webso.WebSocketServerApplication         : Starting WebSocketServerApplication on DESKTOP-ORI0R47 with PID 10948 (D:\sb_2-master-Backend-Kyle\Backend\Kyle\drawchat\target\classes started by LGPC in D:\sb_2-master-Backend-Kyle\Backend\Kyle\drawchat)
2019-10-15 13:22:28.584  INFO 10948 --- [main] webso.WebSocketServerApplication         : No active profile set, falling back to default profiles: default
2019-10-15 13:22:29.634  INFO 10948 --- [main] .s.d.r.c.RepositoryConfigurationDelegate : Bootstrapping Spring Data repositories in DEFAULT mode.
2019-10-15 13:22:29.677  INFO 10948 --- [main] .s.d.r.c.RepositoryConfigurationDelegate : Finished Spring Data repository scanning in 24ms. Found 0 repository interfaces.
2019-10-15 13:22:30.315  INFO 10948 --- [main] trationDelegate$BeanPostProcessorChecker : Bean 'org.springframework.transaction.annotation.ProxyTransactionManagementConfiguration' of type [org.springframework.transaction.annotation.ProxyTransactionManagementConfiguration$$EnhancerBySpringCGLIB$$cc1be8da] is not eligible for getting processed by all BeanPostProcessors (for example: not eligible for auto-proxying)
2019-10-15 13:22:30.667  INFO 10948 --- [main] o.s.b.w.embedded.tomcat.TomcatWebServer  : Tomcat initialized with port(s): 8080 (http)
2019-10-15 13:22:30.742  INFO 10948 --- [main] o.apache.catalina.core.StandardService   : Starting service [Tomcat]
2019-10-15 13:22:30.743  INFO 10948 --- [main] org.apache.catalina.core.StandardEngine  : Starting Servlet engine: [Apache Tomcat/9.0.24]
2019-10-15 13:22:31.022  INFO 10948 --- [main] o.a.c.c.C.[Tomcat].[localhost].[/]       : Initializing Spring embedded WebApplicationContext
2019-10-15 13:22:31.023  INFO 10948 --- [main] o.s.web.context.ContextLoader            : Root WebApplicationContext: initialization completed in 2389 ms
2019-10-15 13:22:31.285  INFO 10948 --- [main] com.zaxxer.hikari.HikariDataSource       : HikariPool-1 - Starting...
2019-10-15 13:22:31.861  INFO 10948 --- [main] com.zaxxer.hikari.HikariDataSource       : HikariPool-1 - Start completed.
2019-10-15 13:22:31.980  INFO 10948 --- [main] o.hibernate.jpa.internal.util.LogHelper  : HHH000204: Processing PersistenceUnitInfo [
	name: default
	...]
2019-10-15 13:22:32.214  INFO 10948 --- [main] org.hibernate.Version                    : HHH000412: Hibernate Core {5.2.14.Final}
2019-10-15 13:22:32.221  INFO 10948 --- [main] org.hibernate.cfg.Environment            : HHH000206: hibernate.properties not found
2019-10-15 13:22:32.351  INFO 10948 --- [main] o.hibernate.annotations.common.Version   : HCANN000001: Hibernate Commons Annotations {5.0.4.Final}
2019-10-15 13:22:32.678  INFO 10948 --- [main] org.hibernate.dialect.Dialect            : HHH000400: Using dialect: org.hibernate.dialect.MySQL5Dialect
2019-10-15 13:22:33.131  INFO 10948 --- [main] o.h.t.schema.internal.SchemaCreatorImpl  : HHH000476: Executing import script 'org.hibernate.tool.schema.internal.exec.ScriptSourceInputNonExistentImpl@4ff66917'
2019-10-15 13:22:33.134  INFO 10948 --- [main] j.LocalContainerEntityManagerFactoryBean : Initialized JPA EntityManagerFactory for persistence unit 'default'
2019-10-15 13:22:33.458  INFO 10948 --- [main] o.s.s.concurrent.ThreadPoolTaskExecutor  : Initializing ExecutorService 'applicationTaskExecutor'
2019-10-15 13:22:33.507  WARN 10948 --- [main] aWebConfiguration$JpaWebMvcConfiguration : spring.jpa.open-in-view is enabled by default. Therefore, database queries may be performed during view rendering. Explicitly configure spring.jpa.open-in-view to disable this warning
2019-10-15 13:22:33.845  INFO 10948 --- [main] o.s.b.w.embedded.tomcat.TomcatWebServer  : Tomcat started on port(s): 8080 (http) with context path ''
2019-10-15 13:22:33.850  INFO 10948 --- [main] webso.WebSocketServerApplication         : Started WebSocketServerApplication in 5.924 seconds (JVM running for 8.043)
2019-10-15 13:27:08.812  INFO 14332 --- [main] webso.WebSocketServerApplication         : Starting WebSocketServerApplication on DESKTOP-ORI0R47 with PID 14332 (D:\sb_2-master-Backend-Kyle\Backend\Kyle\drawchat\target\classes started by LGPC in D:\sb_2-master-Backend-Kyle\Backend\Kyle\drawchat)
2019-10-15 13:27:08.816  INFO 14332 --- [main] webso.WebSocketServerApplication         : No active profile set, falling back to default profiles: default
2019-10-15 13:27:09.521  INFO 14332 --- [main] .s.d.r.c.RepositoryConfigurationDelegate : Bootstrapping Spring Data repositories in DEFAULT mode.
2019-10-15 13:27:09.550  INFO 14332 --- [main] .s.d.r.c.RepositoryConfigurationDelegate : Finished Spring Data repository scanning in 17ms. Found 0 repository interfaces.
2019-10-15 13:27:09.983  INFO 14332 --- [main] trationDelegate$BeanPostProcessorChecker : Bean 'org.springframework.transaction.annotation.ProxyTransactionManagementConfiguration' of type [org.springframework.transaction.annotation.ProxyTransactionManagementConfiguration$$EnhancerBySpringCGLIB$$49ce2e14] is not eligible for getting processed by all BeanPostProcessors (for example: not eligible for auto-proxying)
2019-10-15 13:27:10.367  INFO 14332 --- [main] o.s.b.w.embedded.tomcat.TomcatWebServer  : Tomcat initialized with port(s): 8080 (http)
2019-10-15 13:27:10.406  INFO 14332 --- [main] o.apache.catalina.core.StandardService   : Starting service [Tomcat]
2019-10-15 13:27:10.407  INFO 14332 --- [main] org.apache.catalina.core.StandardEngine  : Starting Servlet engine: [Apache Tomcat/9.0.24]
2019-10-15 13:27:10.691  INFO 14332 --- [main] o.a.c.c.C.[Tomcat].[localhost].[/]       : Initializing Spring embedded WebApplicationContext
2019-10-15 13:27:10.692  INFO 14332 --- [main] o.s.web.context.ContextLoader            : Root WebApplicationContext: initialization completed in 1838 ms
2019-10-15 13:27:10.869  INFO 14332 --- [main] com.zaxxer.hikari.HikariDataSource       : HikariPool-1 - Starting...
2019-10-15 13:27:11.479  INFO 14332 --- [main] com.zaxxer.hikari.HikariDataSource       : HikariPool-1 - Start completed.
2019-10-15 13:27:11.564  INFO 14332 --- [main] o.hibernate.jpa.internal.util.LogHelper  : HHH000204: Processing PersistenceUnitInfo [
	name: default
	...]
2019-10-15 13:27:11.663  INFO 14332 --- [main] org.hibernate.Version                    : HHH000412: Hibernate Core {5.2.14.Final}
2019-10-15 13:27:11.665  INFO 14332 --- [main] org.hibernate.cfg.Environment            : HHH000206: hibernate.properties not found
2019-10-15 13:27:11.716  INFO 14332 --- [main] o.hibernate.annotations.common.Version   : HCANN000001: Hibernate Commons Annotations {5.0.4.Final}
2019-10-15 13:27:11.824  INFO 14332 --- [main] org.hibernate.dialect.Dialect            : HHH000400: Using dialect: org.hibernate.dialect.MySQL5Dialect
2019-10-15 13:27:12.083  INFO 14332 --- [main] o.h.t.schema.internal.SchemaCreatorImpl  : HHH000476: Executing import script 'org.hibernate.tool.schema.internal.exec.ScriptSourceInputNonExistentImpl@40c76f5a'
2019-10-15 13:27:12.086  INFO 14332 --- [main] j.LocalContainerEntityManagerFactoryBean : Initialized JPA EntityManagerFactory for persistence unit 'default'
2019-10-15 13:27:12.443  INFO 14332 --- [main] o.s.s.concurrent.ThreadPoolTaskExecutor  : Initializing ExecutorService 'applicationTaskExecutor'
2019-10-15 13:27:12.492  WARN 14332 --- [main] aWebConfiguration$JpaWebMvcConfiguration : spring.jpa.open-in-view is enabled by default. Therefore, database queries may be performed during view rendering. Explicitly configure spring.jpa.open-in-view to disable this warning
2019-10-15 13:27:12.734 ERROR 14332 --- [main] org.apache.catalina.util.LifecycleBase   : Failed to start component [Connector[HTTP/1.1-8080]]

org.apache.catalina.LifecycleException: Protocol handler start failed
	at org.apache.catalina.connector.Connector.startInternal(Connector.java:1008) ~[tomcat-embed-core-9.0.24.jar:9.0.24]
	at org.apache.catalina.util.LifecycleBase.start(LifecycleBase.java:183) ~[tomcat-embed-core-9.0.24.jar:9.0.24]
	at org.apache.catalina.core.StandardService.addConnector(StandardService.java:227) ~[tomcat-embed-core-9.0.24.jar:9.0.24]
	at org.springframework.boot.web.embedded.tomcat.TomcatWebServer.addPreviouslyRemovedConnectors(TomcatWebServer.java:263) ~[spring-boot-2.1.8.RELEASE.jar:2.1.8.RELEASE]
	at org.springframework.boot.web.embedded.tomcat.TomcatWebServer.start(TomcatWebServer.java:195) ~[spring-boot-2.1.8.RELEASE.jar:2.1.8.RELEASE]
	at org.springframework.boot.web.servlet.context.ServletWebServerApplicationContext.startWebServer(ServletWebServerApplicationContext.java:297) ~[spring-boot-2.1.8.RELEASE.jar:2.1.8.RELEASE]
	at org.springframework.boot.web.servlet.context.ServletWebServerApplicationContext.finishRefresh(ServletWebServerApplicationContext.java:163) ~[spring-boot-2.1.8.RELEASE.jar:2.1.8.RELEASE]
	at org.springframework.context.support.AbstractApplicationContext.refresh(AbstractApplicationContext.java:552) ~[spring-context-5.1.9.RELEASE.jar:5.1.9.RELEASE]
	at org.springframework.boot.web.servlet.context.ServletWebServerApplicationContext.refresh(ServletWebServerApplicationContext.java:141) ~[spring-boot-2.1.8.RELEASE.jar:2.1.8.RELEASE]
	at org.springframework.boot.SpringApplication.refresh(SpringApplication.java:744) ~[spring-boot-2.1.8.RELEASE.jar:2.1.8.RELEASE]
	at org.springframework.boot.SpringApplication.refreshContext(SpringApplication.java:391) ~[spring-boot-2.1.8.RELEASE.jar:2.1.8.RELEASE]
	at org.springframework.boot.SpringApplication.run(SpringApplication.java:312) ~[spring-boot-2.1.8.RELEASE.jar:2.1.8.RELEASE]
	at org.springframework.boot.SpringApplication.run(SpringApplication.java:1215) ~[spring-boot-2.1.8.RELEASE.jar:2.1.8.RELEASE]
	at org.springframework.boot.SpringApplication.run(SpringApplication.java:1204) ~[spring-boot-2.1.8.RELEASE.jar:2.1.8.RELEASE]
	at webso.WebSocketServerApplication.main(WebSocketServerApplication.java:10) ~[classes/:na]
Caused by: java.net.BindException: Address already in use: bind
	at java.base/sun.nio.ch.Net.bind0(Native Method) ~[na:na]
	at java.base/sun.nio.ch.Net.bind(Net.java:461) ~[na:na]
	at java.base/sun.nio.ch.Net.bind(Net.java:453) ~[na:na]
	at java.base/sun.nio.ch.ServerSocketChannelImpl.bind(ServerSocketChannelImpl.java:227) ~[na:na]
	at java.base/sun.nio.ch.ServerSocketAdaptor.bind(ServerSocketAdaptor.java:80) ~[na:na]
	at org.apache.tomcat.util.net.NioEndpoint.initServerSocket(NioEndpoint.java:230) ~[tomcat-embed-core-9.0.24.jar:9.0.24]
	at org.apache.tomcat.util.net.NioEndpoint.bind(NioEndpoint.java:213) ~[tomcat-embed-core-9.0.24.jar:9.0.24]
	at org.apache.tomcat.util.net.AbstractEndpoint.bindWithCleanup(AbstractEndpoint.java:1124) ~[tomcat-embed-core-9.0.24.jar:9.0.24]
	at org.apache.tomcat.util.net.AbstractEndpoint.start(AbstractEndpoint.java:1210) ~[tomcat-embed-core-9.0.24.jar:9.0.24]
	at org.apache.coyote.AbstractProtocol.start(AbstractProtocol.java:585) ~[tomcat-embed-core-9.0.24.jar:9.0.24]
	at org.apache.catalina.connector.Connector.startInternal(Connector.java:1005) ~[tomcat-embed-core-9.0.24.jar:9.0.24]
	... 14 common frames omitted

2019-10-15 13:27:12.740  INFO 14332 --- [main] o.apache.catalina.core.StandardService   : Stopping service [Tomcat]
2019-10-15 13:27:12.751  INFO 14332 --- [main] ConditionEvaluationReportLoggingListener : 

Error starting ApplicationContext. To display the conditions report re-run your application with 'debug' enabled.
2019-10-15 13:27:12.756 ERROR 14332 --- [main] o.s.b.d.LoggingFailureAnalysisReporter   : 

***************************
APPLICATION FAILED TO START
***************************

Description:

The Tomcat connector configured to listen on port 8080 failed to start. The port may already be in use or the connector may be misconfigured.

Action:

Verify the connector's configuration, identify and stop any process that's listening on port 8080, or configure this application to listen on another port.

2019-10-15 13:27:12.764  INFO 14332 --- [main] o.s.s.concurrent.ThreadPoolTaskExecutor  : Shutting down ExecutorService 'applicationTaskExecutor'
2019-10-15 13:27:12.765  INFO 14332 --- [main] j.LocalContainerEntityManagerFactoryBean : Closing JPA EntityManagerFactory for persistence unit 'default'
2019-10-15 13:27:12.767  INFO 14332 --- [main] com.zaxxer.hikari.HikariDataSource       : HikariPool-1 - Shutdown initiated...
2019-10-15 13:27:12.788  INFO 14332 --- [main] com.zaxxer.hikari.HikariDataSource       : HikariPool-1 - Shutdown completed.
2019-10-15 13:27:59.128  INFO 14112 --- [main] webso.WebSocketServerApplication         : Starting WebSocketServerApplication on DESKTOP-ORI0R47 with PID 14112 (D:\sb_2-master-Backend-Kyle\Backend\Kyle\drawchat\target\classes started by LGPC in D:\sb_2-master-Backend-Kyle\Backend\Kyle\drawchat)
2019-10-15 13:27:59.131  INFO 14112 --- [main] webso.WebSocketServerApplication         : No active profile set, falling back to default profiles: default
2019-10-15 13:27:59.991  INFO 14112 --- [main] .s.d.r.c.RepositoryConfigurationDelegate : Bootstrapping Spring Data repositories in DEFAULT mode.
2019-10-15 13:28:00.022  INFO 14112 --- [main] .s.d.r.c.RepositoryConfigurationDelegate : Finished Spring Data repository scanning in 19ms. Found 0 repository interfaces.
2019-10-15 13:28:00.423  INFO 14112 --- [main] trationDelegate$BeanPostProcessorChecker : Bean 'org.springframework.transaction.annotation.ProxyTransactionManagementConfiguration' of type [org.springframework.transaction.annotation.ProxyTransactionManagementConfiguration$$EnhancerBySpringCGLIB$$81b57b78] is not eligible for getting processed by all BeanPostProcessors (for example: not eligible for auto-proxying)
2019-10-15 13:28:00.801  INFO 14112 --- [main] o.s.b.w.embedded.tomcat.TomcatWebServer  : Tomcat initialized with port(s): 8080 (http)
2019-10-15 13:28:00.835  INFO 14112 --- [main] o.apache.catalina.core.StandardService   : Starting service [Tomcat]
2019-10-15 13:28:00.836  INFO 14112 --- [main] org.apache.catalina.core.StandardEngine  : Starting Servlet engine: [Apache Tomcat/9.0.24]
2019-10-15 13:28:01.138  INFO 14112 --- [main] o.a.c.c.C.[Tomcat].[localhost].[/]       : Initializing Spring embedded WebApplicationContext
2019-10-15 13:28:01.139  INFO 14112 --- [main] o.s.web.context.ContextLoader            : Root WebApplicationContext: initialization completed in 1970 ms
2019-10-15 13:28:01.360  INFO 14112 --- [main] com.zaxxer.hikari.HikariDataSource       : HikariPool-1 - Starting...
2019-10-15 13:28:01.865  INFO 14112 --- [main] com.zaxxer.hikari.HikariDataSource       : HikariPool-1 - Start completed.
2019-10-15 13:28:01.926  INFO 14112 --- [main] o.hibernate.jpa.internal.util.LogHelper  : HHH000204: Processing PersistenceUnitInfo [
	name: default
	...]
2019-10-15 13:28:02.028  INFO 14112 --- [main] org.hibernate.Version                    : HHH000412: Hibernate Core {5.2.14.Final}
2019-10-15 13:28:02.031  INFO 14112 --- [main] org.hibernate.cfg.Environment            : HHH000206: hibernate.properties not found
2019-10-15 13:28:02.086  INFO 14112 --- [main] o.hibernate.annotations.common.Version   : HCANN000001: Hibernate Commons Annotations {5.0.4.Final}
2019-10-15 13:28:02.244  INFO 14112 --- [main] org.hibernate.dialect.Dialect            : HHH000400: Using dialect: org.hibernate.dialect.MySQL5Dialect
2019-10-15 13:28:02.535  INFO 14112 --- [main] o.h.t.schema.internal.SchemaCreatorImpl  : HHH000476: Executing import script 'org.hibernate.tool.schema.internal.exec.ScriptSourceInputNonExistentImpl@6a5dd083'
2019-10-15 13:28:02.539  INFO 14112 --- [main] j.LocalContainerEntityManagerFactoryBean : Initialized JPA EntityManagerFactory for persistence unit 'default'
2019-10-15 13:28:02.850  INFO 14112 --- [main] o.s.s.concurrent.ThreadPoolTaskExecutor  : Initializing ExecutorService 'applicationTaskExecutor'
2019-10-15 13:28:02.893  WARN 14112 --- [main] aWebConfiguration$JpaWebMvcConfiguration : spring.jpa.open-in-view is enabled by default. Therefore, database queries may be performed during view rendering. Explicitly configure spring.jpa.open-in-view to disable this warning
2019-10-15 13:28:03.118 ERROR 14112 --- [main] org.apache.catalina.util.LifecycleBase   : Failed to start component [Connector[HTTP/1.1-8080]]

org.apache.catalina.LifecycleException: Protocol handler start failed
	at org.apache.catalina.connector.Connector.startInternal(Connector.java:1008) ~[tomcat-embed-core-9.0.24.jar:9.0.24]
	at org.apache.catalina.util.LifecycleBase.start(LifecycleBase.java:183) ~[tomcat-embed-core-9.0.24.jar:9.0.24]
	at org.apache.catalina.core.StandardService.addConnector(StandardService.java:227) ~[tomcat-embed-core-9.0.24.jar:9.0.24]
	at org.springframework.boot.web.embedded.tomcat.TomcatWebServer.addPreviouslyRemovedConnectors(TomcatWebServer.java:263) ~[spring-boot-2.1.8.RELEASE.jar:2.1.8.RELEASE]
	at org.springframework.boot.web.embedded.tomcat.TomcatWebServer.start(TomcatWebServer.java:195) ~[spring-boot-2.1.8.RELEASE.jar:2.1.8.RELEASE]
	at org.springframework.boot.web.servlet.context.ServletWebServerApplicationContext.startWebServer(ServletWebServerApplicationContext.java:297) ~[spring-boot-2.1.8.RELEASE.jar:2.1.8.RELEASE]
	at org.springframework.boot.web.servlet.context.ServletWebServerApplicationContext.finishRefresh(ServletWebServerApplicationContext.java:163) ~[spring-boot-2.1.8.RELEASE.jar:2.1.8.RELEASE]
	at org.springframework.context.support.AbstractApplicationContext.refresh(AbstractApplicationContext.java:552) ~[spring-context-5.1.9.RELEASE.jar:5.1.9.RELEASE]
	at org.springframework.boot.web.servlet.context.ServletWebServerApplicationContext.refresh(ServletWebServerApplicationContext.java:141) ~[spring-boot-2.1.8.RELEASE.jar:2.1.8.RELEASE]
	at org.springframework.boot.SpringApplication.refresh(SpringApplication.java:744) ~[spring-boot-2.1.8.RELEASE.jar:2.1.8.RELEASE]
	at org.springframework.boot.SpringApplication.refreshContext(SpringApplication.java:391) ~[spring-boot-2.1.8.RELEASE.jar:2.1.8.RELEASE]
	at org.springframework.boot.SpringApplication.run(SpringApplication.java:312) ~[spring-boot-2.1.8.RELEASE.jar:2.1.8.RELEASE]
	at org.springframework.boot.SpringApplication.run(SpringApplication.java:1215) ~[spring-boot-2.1.8.RELEASE.jar:2.1.8.RELEASE]
	at org.springframework.boot.SpringApplication.run(SpringApplication.java:1204) ~[spring-boot-2.1.8.RELEASE.jar:2.1.8.RELEASE]
	at webso.WebSocketServerApplication.main(WebSocketServerApplication.java:10) ~[classes/:na]
Caused by: java.net.BindException: Address already in use: bind
	at java.base/sun.nio.ch.Net.bind0(Native Method) ~[na:na]
	at java.base/sun.nio.ch.Net.bind(Net.java:461) ~[na:na]
	at java.base/sun.nio.ch.Net.bind(Net.java:453) ~[na:na]
	at java.base/sun.nio.ch.ServerSocketChannelImpl.bind(ServerSocketChannelImpl.java:227) ~[na:na]
	at java.base/sun.nio.ch.ServerSocketAdaptor.bind(ServerSocketAdaptor.java:80) ~[na:na]
	at org.apache.tomcat.util.net.NioEndpoint.initServerSocket(NioEndpoint.java:230) ~[tomcat-embed-core-9.0.24.jar:9.0.24]
	at org.apache.tomcat.util.net.NioEndpoint.bind(NioEndpoint.java:213) ~[tomcat-embed-core-9.0.24.jar:9.0.24]
	at org.apache.tomcat.util.net.AbstractEndpoint.bindWithCleanup(AbstractEndpoint.java:1124) ~[tomcat-embed-core-9.0.24.jar:9.0.24]
	at org.apache.tomcat.util.net.AbstractEndpoint.start(AbstractEndpoint.java:1210) ~[tomcat-embed-core-9.0.24.jar:9.0.24]
	at org.apache.coyote.AbstractProtocol.start(AbstractProtocol.java:585) ~[tomcat-embed-core-9.0.24.jar:9.0.24]
	at org.apache.catalina.connector.Connector.startInternal(Connector.java:1005) ~[tomcat-embed-core-9.0.24.jar:9.0.24]
	... 14 common frames omitted

2019-10-15 13:28:03.124  INFO 14112 --- [main] o.apache.catalina.core.StandardService   : Stopping service [Tomcat]
2019-10-15 13:28:03.136  INFO 14112 --- [main] ConditionEvaluationReportLoggingListener : 

Error starting ApplicationContext. To display the conditions report re-run your application with 'debug' enabled.
2019-10-15 13:28:03.142 ERROR 14112 --- [main] o.s.b.d.LoggingFailureAnalysisReporter   : 

***************************
APPLICATION FAILED TO START
***************************

Description:

The Tomcat connector configured to listen on port 8080 failed to start. The port may already be in use or the connector may be misconfigured.

Action:

Verify the connector's configuration, identify and stop any process that's listening on port 8080, or configure this application to listen on another port.

2019-10-15 13:28:03.145  INFO 14112 --- [main] o.s.s.concurrent.ThreadPoolTaskExecutor  : Shutting down ExecutorService 'applicationTaskExecutor'
2019-10-15 13:28:03.145  INFO 14112 --- [main] j.LocalContainerEntityManagerFactoryBean : Closing JPA EntityManagerFactory for persistence unit 'default'
2019-10-15 13:28:03.147  INFO 14112 --- [main] com.zaxxer.hikari.HikariDataSource       : HikariPool-1 - Shutdown initiated...
2019-10-15 13:28:03.169  INFO 14112 --- [main] com.zaxxer.hikari.HikariDataSource       : HikariPool-1 - Shutdown completed.
2019-10-15 13:29:39.340  INFO 10948 --- [RMI TCP Connection(23)-127.0.0.1] inMXBeanRegistrar$SpringApplicationAdmin : Application shutdown requested.
2019-10-15 13:29:39.353  INFO 10948 --- [RMI TCP Connection(23)-127.0.0.1] o.s.s.concurrent.ThreadPoolTaskExecutor  : Shutting down ExecutorService 'applicationTaskExecutor'
2019-10-15 13:29:39.354  INFO 10948 --- [RMI TCP Connection(23)-127.0.0.1] j.LocalContainerEntityManagerFactoryBean : Closing JPA EntityManagerFactory for persistence unit 'default'
2019-10-15 13:29:39.360  INFO 10948 --- [RMI TCP Connection(23)-127.0.0.1] com.zaxxer.hikari.HikariDataSource       : HikariPool-1 - Shutdown initiated...
2019-10-15 13:29:39.406  INFO 10948 --- [RMI TCP Connection(23)-127.0.0.1] com.zaxxer.hikari.HikariDataSource       : HikariPool-1 - Shutdown completed.
2019-10-15 13:38:42.084  INFO 11648 --- [main] webso.WebSocketServerApplication         : Starting WebSocketServerApplication on DESKTOP-ORI0R47 with PID 11648 (D:\sb_2-master-Backend-Kyle\Backend\Kyle\drawchat\target\classes started by LGPC in D:\sb_2-master-Backend-Kyle\Backend\Kyle\drawchat)
2019-10-15 13:38:42.091  INFO 11648 --- [main] webso.WebSocketServerApplication         : No active profile set, falling back to default profiles: default
2019-10-15 13:38:42.842  INFO 11648 --- [main] .s.d.r.c.RepositoryConfigurationDelegate : Bootstrapping Spring Data repositories in DEFAULT mode.
2019-10-15 13:38:42.884  INFO 11648 --- [main] .s.d.r.c.RepositoryConfigurationDelegate : Finished Spring Data repository scanning in 24ms. Found 0 repository interfaces.
2019-10-15 13:38:43.628  INFO 11648 --- [main] trationDelegate$BeanPostProcessorChecker : Bean 'org.springframework.transaction.annotation.ProxyTransactionManagementConfiguration' of type [org.springframework.transaction.annotation.ProxyTransactionManagementConfiguration$$EnhancerBySpringCGLIB$$86d7425a] is not eligible for getting processed by all BeanPostProcessors (for example: not eligible for auto-proxying)
2019-10-15 13:38:44.051  INFO 11648 --- [main] o.s.b.w.embedded.tomcat.TomcatWebServer  : Tomcat initialized with port(s): 8080 (http)
2019-10-15 13:38:44.116  INFO 11648 --- [main] o.apache.catalina.core.StandardService   : Starting service [Tomcat]
2019-10-15 13:38:44.117  INFO 11648 --- [main] org.apache.catalina.core.StandardEngine  : Starting Servlet engine: [Apache Tomcat/9.0.24]
2019-10-15 13:38:44.610  INFO 11648 --- [main] o.a.c.c.C.[Tomcat].[localhost].[/]       : Initializing Spring embedded WebApplicationContext
2019-10-15 13:38:44.610  INFO 11648 --- [main] o.s.web.context.ContextLoader            : Root WebApplicationContext: initialization completed in 2474 ms
2019-10-15 13:38:44.826  INFO 11648 --- [main] com.zaxxer.hikari.HikariDataSource       : HikariPool-1 - Starting...
2019-10-15 13:38:45.512  INFO 11648 --- [main] com.zaxxer.hikari.HikariDataSource       : HikariPool-1 - Start completed.
2019-10-15 13:38:45.579  INFO 11648 --- [main] o.hibernate.jpa.internal.util.LogHelper  : HHH000204: Processing PersistenceUnitInfo [
	name: default
	...]
2019-10-15 13:38:45.650  INFO 11648 --- [main] org.hibernate.Version                    : HHH000412: Hibernate Core {5.2.14.Final}
2019-10-15 13:38:45.652  INFO 11648 --- [main] org.hibernate.cfg.Environment            : HHH000206: hibernate.properties not found
2019-10-15 13:38:45.700  INFO 11648 --- [main] o.hibernate.annotations.common.Version   : HCANN000001: Hibernate Commons Annotations {5.0.4.Final}
2019-10-15 13:38:45.814  INFO 11648 --- [main] org.hibernate.dialect.Dialect            : HHH000400: Using dialect: org.hibernate.dialect.MySQL5Dialect
2019-10-15 13:38:46.119  INFO 11648 --- [main] o.h.t.schema.internal.SchemaCreatorImpl  : HHH000476: Executing import script 'org.hibernate.tool.schema.internal.exec.ScriptSourceInputNonExistentImpl@4a660b34'
2019-10-15 13:38:46.124  INFO 11648 --- [main] j.LocalContainerEntityManagerFactoryBean : Initialized JPA EntityManagerFactory for persistence unit 'default'
2019-10-15 13:38:46.543  INFO 11648 --- [main] o.s.s.concurrent.ThreadPoolTaskExecutor  : Initializing ExecutorService 'applicationTaskExecutor'
2019-10-15 13:38:46.592  WARN 11648 --- [main] aWebConfiguration$JpaWebMvcConfiguration : spring.jpa.open-in-view is enabled by default. Therefore, database queries may be performed during view rendering. Explicitly configure spring.jpa.open-in-view to disable this warning
2019-10-15 13:38:46.895  INFO 11648 --- [main] o.s.b.w.embedded.tomcat.TomcatWebServer  : Tomcat started on port(s): 8080 (http) with context path ''
2019-10-15 13:38:46.900  INFO 11648 --- [main] webso.WebSocketServerApplication         : Started WebSocketServerApplication in 5.423 seconds (JVM running for 7.596)
2019-10-15 13:40:38.259  INFO 11648 --- [RMI TCP Connection(13)-127.0.0.1] inMXBeanRegistrar$SpringApplicationAdmin : Application shutdown requested.
2019-10-15 13:40:38.269  INFO 11648 --- [RMI TCP Connection(13)-127.0.0.1] o.s.s.concurrent.ThreadPoolTaskExecutor  : Shutting down ExecutorService 'applicationTaskExecutor'
2019-10-15 13:40:38.270  INFO 11648 --- [RMI TCP Connection(13)-127.0.0.1] j.LocalContainerEntityManagerFactoryBean : Closing JPA EntityManagerFactory for persistence unit 'default'
2019-10-15 13:40:38.275  INFO 11648 --- [RMI TCP Connection(13)-127.0.0.1] com.zaxxer.hikari.HikariDataSource       : HikariPool-1 - Shutdown initiated...
2019-10-15 13:40:38.325  INFO 11648 --- [RMI TCP Connection(13)-127.0.0.1] com.zaxxer.hikari.HikariDataSource       : HikariPool-1 - Shutdown completed.
2019-10-15 13:41:01.743  INFO 12564 --- [main] webso.WebSocketServerApplication         : Starting WebSocketServerApplication on DESKTOP-ORI0R47 with PID 12564 (D:\sb_2-master-Backend-Kyle\Backend\Kyle\drawchat\target\classes started by LGPC in D:\sb_2-master-Backend-Kyle\Backend\Kyle\drawchat)
2019-10-15 13:41:01.747  INFO 12564 --- [main] webso.WebSocketServerApplication         : No active profile set, falling back to default profiles: default
2019-10-15 13:41:02.756  INFO 12564 --- [main] .s.d.r.c.RepositoryConfigurationDelegate : Bootstrapping Spring Data repositories in DEFAULT mode.
2019-10-15 13:41:02.779  INFO 12564 --- [main] .s.d.r.c.RepositoryConfigurationDelegate : Finished Spring Data repository scanning in 15ms. Found 0 repository interfaces.
2019-10-15 13:41:03.264  INFO 12564 --- [main] trationDelegate$BeanPostProcessorChecker : Bean 'org.springframework.transaction.annotation.ProxyTransactionManagementConfiguration' of type [org.springframework.transaction.annotation.ProxyTransactionManagementConfiguration$$EnhancerBySpringCGLIB$$6580fd5] is not eligible for getting processed by all BeanPostProcessors (for example: not eligible for auto-proxying)
2019-10-15 13:41:03.656  INFO 12564 --- [main] o.s.b.w.embedded.tomcat.TomcatWebServer  : Tomcat initialized with port(s): 8080 (http)
2019-10-15 13:41:03.706  INFO 12564 --- [main] o.apache.catalina.core.StandardService   : Starting service [Tomcat]
2019-10-15 13:41:03.706  INFO 12564 --- [main] org.apache.catalina.core.StandardEngine  : Starting Servlet engine: [Apache Tomcat/9.0.24]
2019-10-15 13:41:04.027  INFO 12564 --- [main] o.a.c.c.C.[Tomcat].[localhost].[/]       : Initializing Spring embedded WebApplicationContext
2019-10-15 13:41:04.028  INFO 12564 --- [main] o.s.web.context.ContextLoader            : Root WebApplicationContext: initialization completed in 2226 ms
2019-10-15 13:41:04.222  INFO 12564 --- [main] com.zaxxer.hikari.HikariDataSource       : HikariPool-1 - Starting...
2019-10-15 13:41:04.742  INFO 12564 --- [main] com.zaxxer.hikari.HikariDataSource       : HikariPool-1 - Start completed.
2019-10-15 13:41:04.814  INFO 12564 --- [main] o.hibernate.jpa.internal.util.LogHelper  : HHH000204: Processing PersistenceUnitInfo [
	name: default
	...]
2019-10-15 13:41:04.903  INFO 12564 --- [main] org.hibernate.Version                    : HHH000412: Hibernate Core {5.2.14.Final}
2019-10-15 13:41:04.905  INFO 12564 --- [main] org.hibernate.cfg.Environment            : HHH000206: hibernate.properties not found
2019-10-15 13:41:04.962  INFO 12564 --- [main] o.hibernate.annotations.common.Version   : HCANN000001: Hibernate Commons Annotations {5.0.4.Final}
2019-10-15 13:41:05.114  INFO 12564 --- [main] org.hibernate.dialect.Dialect            : HHH000400: Using dialect: org.hibernate.dialect.MySQL5Dialect
2019-10-15 13:41:05.432  INFO 12564 --- [main] o.h.t.schema.internal.SchemaCreatorImpl  : HHH000476: Executing import script 'org.hibernate.tool.schema.internal.exec.ScriptSourceInputNonExistentImpl@597a7afa'
2019-10-15 13:41:05.435  INFO 12564 --- [main] j.LocalContainerEntityManagerFactoryBean : Initialized JPA EntityManagerFactory for persistence unit 'default'
2019-10-15 13:41:05.771  INFO 12564 --- [main] o.s.s.concurrent.ThreadPoolTaskExecutor  : Initializing ExecutorService 'applicationTaskExecutor'
2019-10-15 13:41:05.826  WARN 12564 --- [main] aWebConfiguration$JpaWebMvcConfiguration : spring.jpa.open-in-view is enabled by default. Therefore, database queries may be performed during view rendering. Explicitly configure spring.jpa.open-in-view to disable this warning
2019-10-15 13:41:06.142  INFO 12564 --- [main] o.s.b.w.embedded.tomcat.TomcatWebServer  : Tomcat started on port(s): 8080 (http) with context path ''
2019-10-15 13:41:06.147  INFO 12564 --- [main] webso.WebSocketServerApplication         : Started WebSocketServerApplication in 4.973 seconds (JVM running for 6.978)
2019-10-15 13:46:49.300  INFO 15248 --- [main] webso.WebSocketServerApplication         : Starting WebSocketServerApplication on DESKTOP-ORI0R47 with PID 15248 (C:\Users\LGPC\Documents\workspace-spring-tool-suite-4-4.4.0.RELEASE\drawchat2\target\classes started by LGPC in C:\Users\LGPC\Documents\workspace-spring-tool-suite-4-4.4.0.RELEASE\drawchat2)
2019-10-15 13:46:49.304  INFO 15248 --- [main] webso.WebSocketServerApplication         : No active profile set, falling back to default profiles: default
2019-10-15 13:46:50.196  INFO 15248 --- [main] .s.d.r.c.RepositoryConfigurationDelegate : Bootstrapping Spring Data repositories in DEFAULT mode.
2019-10-15 13:46:50.239  INFO 15248 --- [main] .s.d.r.c.RepositoryConfigurationDelegate : Finished Spring Data repository scanning in 25ms. Found 0 repository interfaces.
2019-10-15 13:46:50.708  INFO 15248 --- [main] trationDelegate$BeanPostProcessorChecker : Bean 'org.springframework.transaction.annotation.ProxyTransactionManagementConfiguration' of type [org.springframework.transaction.annotation.ProxyTransactionManagementConfiguration$$EnhancerBySpringCGLIB$$f5c6c9cc] is not eligible for getting processed by all BeanPostProcessors (for example: not eligible for auto-proxying)
2019-10-15 13:46:51.157  INFO 15248 --- [main] o.s.b.w.embedded.tomcat.TomcatWebServer  : Tomcat initialized with port(s): 8080 (http)
2019-10-15 13:46:51.200  INFO 15248 --- [main] o.apache.catalina.core.StandardService   : Starting service [Tomcat]
2019-10-15 13:46:51.201  INFO 15248 --- [main] org.apache.catalina.core.StandardEngine  : Starting Servlet engine: [Apache Tomcat/9.0.24]
2019-10-15 13:46:51.495  INFO 15248 --- [main] o.a.c.c.C.[Tomcat].[localhost].[/]       : Initializing Spring embedded WebApplicationContext
2019-10-15 13:46:51.496  INFO 15248 --- [main] o.s.web.context.ContextLoader            : Root WebApplicationContext: initialization completed in 2139 ms
2019-10-15 13:46:51.732  INFO 15248 --- [main] com.zaxxer.hikari.HikariDataSource       : HikariPool-1 - Starting...
2019-10-15 13:46:52.569  INFO 15248 --- [main] com.zaxxer.hikari.HikariDataSource       : HikariPool-1 - Start completed.
2019-10-15 13:46:52.664  INFO 15248 --- [main] o.hibernate.jpa.internal.util.LogHelper  : HHH000204: Processing PersistenceUnitInfo [
	name: default
	...]
2019-10-15 13:46:52.765  INFO 15248 --- [main] org.hibernate.Version                    : HHH000412: Hibernate Core {5.2.14.Final}
2019-10-15 13:46:52.768  INFO 15248 --- [main] org.hibernate.cfg.Environment            : HHH000206: hibernate.properties not found
2019-10-15 13:46:52.824  INFO 15248 --- [main] o.hibernate.annotations.common.Version   : HCANN000001: Hibernate Commons Annotations {5.0.4.Final}
2019-10-15 13:46:52.976  INFO 15248 --- [main] org.hibernate.dialect.Dialect            : HHH000400: Using dialect: org.hibernate.dialect.MySQL5Dialect
2019-10-15 13:46:53.257  INFO 15248 --- [main] o.h.t.schema.internal.SchemaCreatorImpl  : HHH000476: Executing import script 'org.hibernate.tool.schema.internal.exec.ScriptSourceInputNonExistentImpl@46d0f89c'
2019-10-15 13:46:53.261  INFO 15248 --- [main] j.LocalContainerEntityManagerFactoryBean : Initialized JPA EntityManagerFactory for persistence unit 'default'
2019-10-15 13:46:53.677  INFO 15248 --- [main] o.s.s.concurrent.ThreadPoolTaskExecutor  : Initializing ExecutorService 'applicationTaskExecutor'
2019-10-15 13:46:53.724  WARN 15248 --- [main] aWebConfiguration$JpaWebMvcConfiguration : spring.jpa.open-in-view is enabled by default. Therefore, database queries may be performed during view rendering. Explicitly configure spring.jpa.open-in-view to disable this warning
2019-10-15 13:46:53.948 ERROR 15248 --- [main] org.apache.catalina.util.LifecycleBase   : Failed to start component [Connector[HTTP/1.1-8080]]

org.apache.catalina.LifecycleException: Protocol handler start failed
	at org.apache.catalina.connector.Connector.startInternal(Connector.java:1008) ~[tomcat-embed-core-9.0.24.jar:9.0.24]
	at org.apache.catalina.util.LifecycleBase.start(LifecycleBase.java:183) ~[tomcat-embed-core-9.0.24.jar:9.0.24]
	at org.apache.catalina.core.StandardService.addConnector(StandardService.java:227) ~[tomcat-embed-core-9.0.24.jar:9.0.24]
	at org.springframework.boot.web.embedded.tomcat.TomcatWebServer.addPreviouslyRemovedConnectors(TomcatWebServer.java:263) ~[spring-boot-2.1.8.RELEASE.jar:2.1.8.RELEASE]
	at org.springframework.boot.web.embedded.tomcat.TomcatWebServer.start(TomcatWebServer.java:195) ~[spring-boot-2.1.8.RELEASE.jar:2.1.8.RELEASE]
	at org.springframework.boot.web.servlet.context.ServletWebServerApplicationContext.startWebServer(ServletWebServerApplicationContext.java:297) ~[spring-boot-2.1.8.RELEASE.jar:2.1.8.RELEASE]
	at org.springframework.boot.web.servlet.context.ServletWebServerApplicationContext.finishRefresh(ServletWebServerApplicationContext.java:163) ~[spring-boot-2.1.8.RELEASE.jar:2.1.8.RELEASE]
	at org.springframework.context.support.AbstractApplicationContext.refresh(AbstractApplicationContext.java:552) ~[spring-context-5.1.9.RELEASE.jar:5.1.9.RELEASE]
	at org.springframework.boot.web.servlet.context.ServletWebServerApplicationContext.refresh(ServletWebServerApplicationContext.java:141) ~[spring-boot-2.1.8.RELEASE.jar:2.1.8.RELEASE]
	at org.springframework.boot.SpringApplication.refresh(SpringApplication.java:744) ~[spring-boot-2.1.8.RELEASE.jar:2.1.8.RELEASE]
	at org.springframework.boot.SpringApplication.refreshContext(SpringApplication.java:391) ~[spring-boot-2.1.8.RELEASE.jar:2.1.8.RELEASE]
	at org.springframework.boot.SpringApplication.run(SpringApplication.java:312) ~[spring-boot-2.1.8.RELEASE.jar:2.1.8.RELEASE]
	at org.springframework.boot.SpringApplication.run(SpringApplication.java:1215) ~[spring-boot-2.1.8.RELEASE.jar:2.1.8.RELEASE]
	at org.springframework.boot.SpringApplication.run(SpringApplication.java:1204) ~[spring-boot-2.1.8.RELEASE.jar:2.1.8.RELEASE]
	at webso.WebSocketServerApplication.main(WebSocketServerApplication.java:10) ~[classes/:na]
Caused by: java.net.BindException: Address already in use: bind
	at java.base/sun.nio.ch.Net.bind0(Native Method) ~[na:na]
	at java.base/sun.nio.ch.Net.bind(Net.java:461) ~[na:na]
	at java.base/sun.nio.ch.Net.bind(Net.java:453) ~[na:na]
	at java.base/sun.nio.ch.ServerSocketChannelImpl.bind(ServerSocketChannelImpl.java:227) ~[na:na]
	at java.base/sun.nio.ch.ServerSocketAdaptor.bind(ServerSocketAdaptor.java:80) ~[na:na]
	at org.apache.tomcat.util.net.NioEndpoint.initServerSocket(NioEndpoint.java:230) ~[tomcat-embed-core-9.0.24.jar:9.0.24]
	at org.apache.tomcat.util.net.NioEndpoint.bind(NioEndpoint.java:213) ~[tomcat-embed-core-9.0.24.jar:9.0.24]
	at org.apache.tomcat.util.net.AbstractEndpoint.bindWithCleanup(AbstractEndpoint.java:1124) ~[tomcat-embed-core-9.0.24.jar:9.0.24]
	at org.apache.tomcat.util.net.AbstractEndpoint.start(AbstractEndpoint.java:1210) ~[tomcat-embed-core-9.0.24.jar:9.0.24]
	at org.apache.coyote.AbstractProtocol.start(AbstractProtocol.java:585) ~[tomcat-embed-core-9.0.24.jar:9.0.24]
	at org.apache.catalina.connector.Connector.startInternal(Connector.java:1005) ~[tomcat-embed-core-9.0.24.jar:9.0.24]
	... 14 common frames omitted

2019-10-15 13:46:53.953  INFO 15248 --- [main] o.apache.catalina.core.StandardService   : Stopping service [Tomcat]
2019-10-15 13:46:53.965  INFO 15248 --- [main] ConditionEvaluationReportLoggingListener : 

Error starting ApplicationContext. To display the conditions report re-run your application with 'debug' enabled.
2019-10-15 13:46:53.971 ERROR 15248 --- [main] o.s.b.d.LoggingFailureAnalysisReporter   : 

***************************
APPLICATION FAILED TO START
***************************

Description:

The Tomcat connector configured to listen on port 8080 failed to start. The port may already be in use or the connector may be misconfigured.

Action:

Verify the connector's configuration, identify and stop any process that's listening on port 8080, or configure this application to listen on another port.

2019-10-15 13:46:53.975  INFO 15248 --- [main] o.s.s.concurrent.ThreadPoolTaskExecutor  : Shutting down ExecutorService 'applicationTaskExecutor'
2019-10-15 13:46:53.975  INFO 15248 --- [main] j.LocalContainerEntityManagerFactoryBean : Closing JPA EntityManagerFactory for persistence unit 'default'
2019-10-15 13:46:53.976  INFO 15248 --- [main] com.zaxxer.hikari.HikariDataSource       : HikariPool-1 - Shutdown initiated...
2019-10-15 13:46:54.001  INFO 15248 --- [main] com.zaxxer.hikari.HikariDataSource       : HikariPool-1 - Shutdown completed.
2019-10-15 13:48:18.901  INFO 10488 --- [main] webso.WebSocketServerApplication         : Starting WebSocketServerApplication on DESKTOP-ORI0R47 with PID 10488 (C:\Users\LGPC\Documents\workspace-spring-tool-suite-4-4.4.0.RELEASE\drawchat2\target\classes started by LGPC in C:\Users\LGPC\Documents\workspace-spring-tool-suite-4-4.4.0.RELEASE\drawchat2)
2019-10-15 13:48:18.905  INFO 10488 --- [main] webso.WebSocketServerApplication         : No active profile set, falling back to default profiles: default
2019-10-15 13:48:19.871  INFO 10488 --- [main] .s.d.r.c.RepositoryConfigurationDelegate : Bootstrapping Spring Data repositories in DEFAULT mode.
2019-10-15 13:48:19.903  INFO 10488 --- [main] .s.d.r.c.RepositoryConfigurationDelegate : Finished Spring Data repository scanning in 20ms. Found 0 repository interfaces.
2019-10-15 13:48:20.387  INFO 10488 --- [main] trationDelegate$BeanPostProcessorChecker : Bean 'org.springframework.transaction.annotation.ProxyTransactionManagementConfiguration' of type [org.springframework.transaction.annotation.ProxyTransactionManagementConfiguration$$EnhancerBySpringCGLIB$$80fd11b7] is not eligible for getting processed by all BeanPostProcessors (for example: not eligible for auto-proxying)
2019-10-15 13:48:20.859  INFO 10488 --- [main] o.s.b.w.embedded.tomcat.TomcatWebServer  : Tomcat initialized with port(s): 8080 (http)
2019-10-15 13:48:20.917  INFO 10488 --- [main] o.apache.catalina.core.StandardService   : Starting service [Tomcat]
2019-10-15 13:48:20.918  INFO 10488 --- [main] org.apache.catalina.core.StandardEngine  : Starting Servlet engine: [Apache Tomcat/9.0.24]
2019-10-15 13:48:21.206  INFO 10488 --- [main] o.a.c.c.C.[Tomcat].[localhost].[/]       : Initializing Spring embedded WebApplicationContext
2019-10-15 13:48:21.206  INFO 10488 --- [main] o.s.web.context.ContextLoader            : Root WebApplicationContext: initialization completed in 2256 ms
2019-10-15 13:48:21.392  INFO 10488 --- [main] com.zaxxer.hikari.HikariDataSource       : HikariPool-1 - Starting...
2019-10-15 13:48:22.206  INFO 10488 --- [main] com.zaxxer.hikari.HikariDataSource       : HikariPool-1 - Start completed.
2019-10-15 13:48:22.326  INFO 10488 --- [main] o.hibernate.jpa.internal.util.LogHelper  : HHH000204: Processing PersistenceUnitInfo [
	name: default
	...]
2019-10-15 13:48:22.462  INFO 10488 --- [main] org.hibernate.Version                    : HHH000412: Hibernate Core {5.2.14.Final}
2019-10-15 13:48:22.466  INFO 10488 --- [main] org.hibernate.cfg.Environment            : HHH000206: hibernate.properties not found
2019-10-15 13:48:22.552  INFO 10488 --- [main] o.hibernate.annotations.common.Version   : HCANN000001: Hibernate Commons Annotations {5.0.4.Final}
2019-10-15 13:48:22.742  INFO 10488 --- [main] org.hibernate.dialect.Dialect            : HHH000400: Using dialect: org.hibernate.dialect.MySQL5Dialect
2019-10-15 13:48:23.097  INFO 10488 --- [main] o.h.t.schema.internal.SchemaCreatorImpl  : HHH000476: Executing import script 'org.hibernate.tool.schema.internal.exec.ScriptSourceInputNonExistentImpl@73aaec54'
2019-10-15 13:48:23.101  INFO 10488 --- [main] j.LocalContainerEntityManagerFactoryBean : Initialized JPA EntityManagerFactory for persistence unit 'default'
2019-10-15 13:48:23.457  INFO 10488 --- [main] o.s.s.concurrent.ThreadPoolTaskExecutor  : Initializing ExecutorService 'applicationTaskExecutor'
2019-10-15 13:48:23.513  WARN 10488 --- [main] aWebConfiguration$JpaWebMvcConfiguration : spring.jpa.open-in-view is enabled by default. Therefore, database queries may be performed during view rendering. Explicitly configure spring.jpa.open-in-view to disable this warning
2019-10-15 13:48:23.781  INFO 10488 --- [main] o.s.b.w.embedded.tomcat.TomcatWebServer  : Tomcat started on port(s): 8080 (http) with context path ''
2019-10-15 13:48:23.786  INFO 10488 --- [main] webso.WebSocketServerApplication         : Started WebSocketServerApplication in 5.351 seconds (JVM running for 7.197)
2019-10-15 13:48:26.989  INFO 10488 --- [RMI TCP Connection(8)-127.0.0.1] inMXBeanRegistrar$SpringApplicationAdmin : Application shutdown requested.
2019-10-15 13:48:27.000  INFO 10488 --- [RMI TCP Connection(8)-127.0.0.1] o.s.s.concurrent.ThreadPoolTaskExecutor  : Shutting down ExecutorService 'applicationTaskExecutor'
2019-10-15 13:48:27.001  INFO 10488 --- [RMI TCP Connection(8)-127.0.0.1] j.LocalContainerEntityManagerFactoryBean : Closing JPA EntityManagerFactory for persistence unit 'default'
2019-10-15 13:48:27.006  INFO 10488 --- [RMI TCP Connection(8)-127.0.0.1] com.zaxxer.hikari.HikariDataSource       : HikariPool-1 - Shutdown initiated...
2019-10-15 13:48:27.056  INFO 10488 --- [RMI TCP Connection(8)-127.0.0.1] com.zaxxer.hikari.HikariDataSource       : HikariPool-1 - Shutdown completed.
