2019-12-11 00:07:45.135  INFO 6488 --- [RMI TCP Connection(18)-127.0.0.1] inMXBeanRegistrar$SpringApplicationAdmin : Application shutdown requested.
2019-12-11 00:07:45.142  INFO 6488 --- [RMI TCP Connection(18)-127.0.0.1] o.s.s.concurrent.ThreadPoolTaskExecutor  : Shutting down ExecutorService 'applicationTaskExecutor'
2019-12-11 00:07:45.143  INFO 6488 --- [RMI TCP Connection(18)-127.0.0.1] j.LocalContainerEntityManagerFactoryBean : Closing JPA EntityManagerFactory for persistence unit 'default'
2019-12-11 00:07:45.146  INFO 6488 --- [RMI TCP Connection(18)-127.0.0.1] com.zaxxer.hikari.HikariDataSource       : HikariPool-1 - Shutdown initiated...
2019-12-11 00:07:45.158  INFO 6488 --- [RMI TCP Connection(18)-127.0.0.1] com.zaxxer.hikari.HikariDataSource       : HikariPool-1 - Shutdown completed.
2019-12-11 00:07:49.302  INFO 5312 --- [main] com.drawgame.DrawchatApp                 : Starting DrawchatApp on PANDA with PID 5312 (C:\Users\Administrator\sb_2\sb_2\Spring\target\classes started by Administrator in C:\Users\Administrator\sb_2\sb_2\Spring)
2019-12-11 00:07:49.305  INFO 5312 --- [main] com.drawgame.DrawchatApp                 : No active profile set, falling back to default profiles: default
2019-12-11 00:07:49.908  INFO 5312 --- [main] .s.d.r.c.RepositoryConfigurationDelegate : Bootstrapping Spring Data repositories in DEFAULT mode.
2019-12-11 00:07:49.981  INFO 5312 --- [main] .s.d.r.c.RepositoryConfigurationDelegate : Finished Spring Data repository scanning in 65ms. Found 3 repository interfaces.
2019-12-11 00:07:50.266  INFO 5312 --- [main] trationDelegate$BeanPostProcessorChecker : Bean 'org.springframework.transaction.annotation.ProxyTransactionManagementConfiguration' of type [org.springframework.transaction.annotation.ProxyTransactionManagementConfiguration$$EnhancerBySpringCGLIB$$cd9f6485] is not eligible for getting processed by all BeanPostProcessors (for example: not eligible for auto-proxying)
2019-12-11 00:07:50.487  INFO 5312 --- [main] o.s.b.w.embedded.tomcat.TomcatWebServer  : Tomcat initialized with port(s): 8080 (http)
2019-12-11 00:07:50.507  INFO 5312 --- [main] o.apache.catalina.core.StandardService   : Starting service [Tomcat]
2019-12-11 00:07:50.507  INFO 5312 --- [main] org.apache.catalina.core.StandardEngine  : Starting Servlet engine: [Apache Tomcat/9.0.24]
2019-12-11 00:07:50.599  INFO 5312 --- [main] o.a.c.c.C.[Tomcat].[localhost].[/]       : Initializing Spring embedded WebApplicationContext
2019-12-11 00:07:50.600 DEBUG 5312 --- [main] o.s.web.context.ContextLoader            : Published root WebApplicationContext as ServletContext attribute with name [org.springframework.web.context.WebApplicationContext.ROOT]
2019-12-11 00:07:50.600  INFO 5312 --- [main] o.s.web.context.ContextLoader            : Root WebApplicationContext: initialization completed in 1257 ms
2019-12-11 00:07:50.626 DEBUG 5312 --- [main] o.s.b.w.s.ServletContextInitializerBeans : Mapping filters: characterEncodingFilter urls=[/*], hiddenHttpMethodFilter urls=[/*], formContentFilter urls=[/*], requestContextFilter urls=[/*]
2019-12-11 00:07:50.626 DEBUG 5312 --- [main] o.s.b.w.s.ServletContextInitializerBeans : Mapping servlets: dispatcherServlet urls=[/]
2019-12-11 00:07:50.761  INFO 5312 --- [main] com.zaxxer.hikari.HikariDataSource       : HikariPool-1 - Starting...
2019-12-11 00:07:51.874  INFO 5312 --- [main] com.zaxxer.hikari.HikariDataSource       : HikariPool-1 - Start completed.
2019-12-11 00:07:51.921  INFO 5312 --- [main] o.hibernate.jpa.internal.util.LogHelper  : HHH000204: Processing PersistenceUnitInfo [
	name: default
	...]
2019-12-11 00:07:51.984  INFO 5312 --- [main] org.hibernate.Version                    : HHH000412: Hibernate Core {5.3.11.Final}
2019-12-11 00:07:51.985  INFO 5312 --- [main] org.hibernate.cfg.Environment            : HHH000206: hibernate.properties not found
2019-12-11 00:07:52.105  INFO 5312 --- [main] o.hibernate.annotations.common.Version   : HCANN000001: Hibernate Commons Annotations {5.0.4.Final}
2019-12-11 00:07:52.230  INFO 5312 --- [main] org.hibernate.dialect.Dialect            : HHH000400: Using dialect: org.hibernate.dialect.MySQL5Dialect
2019-12-11 00:07:53.572  INFO 5312 --- [main] o.h.t.schema.internal.SchemaCreatorImpl  : HHH000476: Executing import script 'org.hibernate.tool.schema.internal.exec.ScriptSourceInputNonExistentImpl@59096b66'
2019-12-11 00:07:53.574  INFO 5312 --- [main] j.LocalContainerEntityManagerFactoryBean : Initialized JPA EntityManagerFactory for persistence unit 'default'
2019-12-11 00:07:53.867 DEBUG 5312 --- [main] o.s.w.s.handler.SimpleUrlHandlerMapping  : Patterns [/**/favicon.ico] in 'faviconHandlerMapping'
2019-12-11 00:07:53.991  INFO 5312 --- [main] o.s.s.concurrent.ThreadPoolTaskExecutor  : Initializing ExecutorService 'applicationTaskExecutor'
2019-12-11 00:07:54.003 DEBUG 5312 --- [main] s.w.s.m.m.a.RequestMappingHandlerAdapter : ControllerAdvice beans: 0 @ModelAttribute, 0 @InitBinder, 1 RequestBodyAdvice, 1 ResponseBodyAdvice
2019-12-11 00:07:54.022  WARN 5312 --- [main] aWebConfiguration$JpaWebMvcConfiguration : spring.jpa.open-in-view is enabled by default. Therefore, database queries may be performed during view rendering. Explicitly configure spring.jpa.open-in-view to disable this warning
2019-12-11 00:07:54.059 DEBUG 5312 --- [main] s.w.s.m.m.a.RequestMappingHandlerMapping : 35 mappings in 'requestMappingHandlerMapping'
2019-12-11 00:07:54.073 DEBUG 5312 --- [main] o.s.w.s.handler.SimpleUrlHandlerMapping  : Patterns [/webjars/**, /**] in 'resourceHandlerMapping'
2019-12-11 00:07:54.081 DEBUG 5312 --- [main] .m.m.a.ExceptionHandlerExceptionResolver : ControllerAdvice beans: 0 @ExceptionHandler, 1 ResponseBodyAdvice
2019-12-11 00:07:54.157 DEBUG 5312 --- [main] o.s.w.s.s.s.ServerEndpointExporter       : Registering @ServerEndpoint class: class com.drawgame.websocket.GameWebSocketServer
2019-12-11 00:07:54.165 DEBUG 5312 --- [main] o.s.w.s.s.s.ServerEndpointExporter       : Registering @ServerEndpoint class: class com.drawgame.websocket.LobbyWebSocketServer
2019-12-11 00:07:54.165 DEBUG 5312 --- [main] o.s.w.s.s.s.ServerEndpointExporter       : Registering @ServerEndpoint class: class com.drawgame.websocket.RoomWebSocketServer
2019-12-11 00:07:54.202  INFO 5312 --- [main] o.s.b.w.embedded.tomcat.TomcatWebServer  : Tomcat started on port(s): 8080 (http) with context path ''
2019-12-11 00:07:54.204  INFO 5312 --- [main] com.drawgame.DrawchatApp                 : Started DrawchatApp in 5.286 seconds (JVM running for 6.133)
2019-12-11 00:07:57.047  INFO 5312 --- [http-nio-8080-exec-1] o.a.c.c.C.[Tomcat].[localhost].[/]       : Initializing Spring DispatcherServlet 'dispatcherServlet'
2019-12-11 00:07:57.048  INFO 5312 --- [http-nio-8080-exec-1] o.s.web.servlet.DispatcherServlet        : Initializing Servlet 'dispatcherServlet'
2019-12-11 00:07:57.049 DEBUG 5312 --- [http-nio-8080-exec-1] o.s.web.servlet.DispatcherServlet        : Detected StandardServletMultipartResolver
2019-12-11 00:07:57.058 DEBUG 5312 --- [http-nio-8080-exec-1] o.s.web.servlet.DispatcherServlet        : enableLoggingRequestDetails='false': request parameters and headers will be masked to prevent unsafe logging of potentially sensitive data
2019-12-11 00:07:57.058  INFO 5312 --- [http-nio-8080-exec-1] o.s.web.servlet.DispatcherServlet        : Completed initialization in 9 ms
2019-12-11 00:07:57.068 DEBUG 5312 --- [http-nio-8080-exec-1] o.s.web.servlet.DispatcherServlet        : GET "/initub", parameters={}
2019-12-11 00:07:57.072 DEBUG 5312 --- [http-nio-8080-exec-1] s.w.s.m.m.a.RequestMappingHandlerMapping : Mapped to private void com.drawgame.controller.RegisterController.initub()
2019-12-11 00:07:57.253  INFO 5312 --- [http-nio-8080-exec-1] o.h.h.i.QueryTranslatorFactoryInitiator  : HHH000397: Using ASTQueryTranslatorFactory
2019-12-11 00:07:59.541 DEBUG 5312 --- [http-nio-8080-exec-1] m.m.a.RequestResponseBodyMethodProcessor : Using 'application/json;q=0.8', given [text/html, application/xhtml+xml, image/webp, image/apng, application/signed-exchange;v=b3, application/xml;q=0.9, */*;q=0.8] and supported [application/json, application/*+json, application/json, application/*+json]
2019-12-11 00:07:59.541 DEBUG 5312 --- [http-nio-8080-exec-1] m.m.a.RequestResponseBodyMethodProcessor : Nothing to write: null body
2019-12-11 00:07:59.542 DEBUG 5312 --- [http-nio-8080-exec-1] o.s.web.servlet.DispatcherServlet        : Completed 200 OK
2019-12-11 00:08:01.861 DEBUG 5312 --- [http-nio-8080-exec-2] o.s.web.servlet.DispatcherServlet        : GET "/potentialFriends/1", parameters={}
2019-12-11 00:08:01.864 DEBUG 5312 --- [http-nio-8080-exec-2] s.w.s.m.m.a.RequestMappingHandlerMapping : Mapped to public org.json.simple.JSONObject com.drawgame.controller.UserController.potentialFriends(java.lang.Integer)
2019-12-11 00:08:02.150 DEBUG 5312 --- [http-nio-8080-exec-2] m.m.a.RequestResponseBodyMethodProcessor : Using 'application/json;q=0.8', given [text/html, application/xhtml+xml, image/webp, image/apng, application/signed-exchange;v=b3, application/xml;q=0.9, */*;q=0.8] and supported [application/json, application/*+json, application/json, application/*+json]
2019-12-11 00:08:02.151 DEBUG 5312 --- [http-nio-8080-exec-2] m.m.a.RequestResponseBodyMethodProcessor : Writing [{"members":[{"pass":"123","friend":{},"id":2,"user":"kayle","email":null},{"pass":"123","friend":{}, (truncated)...]
2019-12-11 00:08:02.172 DEBUG 5312 --- [http-nio-8080-exec-2] o.s.web.servlet.DispatcherServlet        : Completed 200 OK
2019-12-11 00:08:04.898 DEBUG 5312 --- [http-nio-8080-exec-3] o.s.web.servlet.DispatcherServlet        : GET "/addfriend/1/joo", parameters={}
2019-12-11 00:08:04.901 DEBUG 5312 --- [http-nio-8080-exec-3] s.w.s.m.m.a.RequestMappingHandlerMapping : Mapped to java.lang.String com.drawgame.controller.UserController.addFriend(java.lang.Integer,java.lang.String)
2019-12-11 00:08:05.555 DEBUG 5312 --- [http-nio-8080-exec-3] m.m.a.RequestResponseBodyMethodProcessor : Using 'text/html', given [text/html, application/xhtml+xml, image/webp, image/apng, application/signed-exchange;v=b3, application/xml;q=0.9, */*;q=0.8] and supported [text/plain, */*, text/plain, */*, application/json, application/*+json, application/json, application/*+json]
2019-12-11 00:08:05.555 DEBUG 5312 --- [http-nio-8080-exec-3] m.m.a.RequestResponseBodyMethodProcessor : Writing ["joo has been added"]
2019-12-11 00:08:05.558 DEBUG 5312 --- [http-nio-8080-exec-3] o.s.web.servlet.DispatcherServlet        : Completed 200 OK
2019-12-11 00:08:07.848 DEBUG 5312 --- [http-nio-8080-exec-4] o.s.web.servlet.DispatcherServlet        : GET "/potentialFriends/1", parameters={}
2019-12-11 00:08:07.850 DEBUG 5312 --- [http-nio-8080-exec-4] s.w.s.m.m.a.RequestMappingHandlerMapping : Mapped to public org.json.simple.JSONObject com.drawgame.controller.UserController.potentialFriends(java.lang.Integer)
2019-12-11 00:08:08.111 DEBUG 5312 --- [http-nio-8080-exec-4] m.m.a.RequestResponseBodyMethodProcessor : Using 'application/json;q=0.8', given [text/html, application/xhtml+xml, image/webp, image/apng, application/signed-exchange;v=b3, application/xml;q=0.9, */*;q=0.8] and supported [application/json, application/*+json, application/json, application/*+json]
2019-12-11 00:08:08.112 DEBUG 5312 --- [http-nio-8080-exec-4] m.m.a.RequestResponseBodyMethodProcessor : Writing [{"members":[{"pass":"123","friend":{},"id":2,"user":"kayle","email":null},{"pass":"123","friend":{}, (truncated)...]
2019-12-11 00:08:08.113 DEBUG 5312 --- [http-nio-8080-exec-4] o.s.web.servlet.DispatcherServlet        : Completed 200 OK
2019-12-11 00:09:12.715 DEBUG 5312 --- [http-nio-8080-exec-6] o.s.web.servlet.DispatcherServlet        : GET "/addfriend/1/x", parameters={}
2019-12-11 00:09:12.717 DEBUG 5312 --- [http-nio-8080-exec-6] s.w.s.m.m.a.RequestMappingHandlerMapping : Mapped to java.lang.String com.drawgame.controller.UserController.addFriend(java.lang.Integer,java.lang.String)
2019-12-11 00:09:13.348 DEBUG 5312 --- [http-nio-8080-exec-6] m.m.a.RequestResponseBodyMethodProcessor : Using 'text/html', given [text/html, application/xhtml+xml, image/webp, image/apng, application/signed-exchange;v=b3, application/xml;q=0.9, */*;q=0.8] and supported [text/plain, */*, text/plain, */*, application/json, application/*+json, application/json, application/*+json]
2019-12-11 00:09:13.348 DEBUG 5312 --- [http-nio-8080-exec-6] m.m.a.RequestResponseBodyMethodProcessor : Writing ["x has been added"]
2019-12-11 00:09:13.349 DEBUG 5312 --- [http-nio-8080-exec-6] o.s.web.servlet.DispatcherServlet        : Completed 200 OK
2019-12-11 00:09:16.284 DEBUG 5312 --- [http-nio-8080-exec-7] o.s.web.servlet.DispatcherServlet        : GET "/potentialFriends/1", parameters={}
2019-12-11 00:09:16.286 DEBUG 5312 --- [http-nio-8080-exec-7] s.w.s.m.m.a.RequestMappingHandlerMapping : Mapped to public org.json.simple.JSONObject com.drawgame.controller.UserController.potentialFriends(java.lang.Integer)
2019-12-11 00:09:16.548 DEBUG 5312 --- [http-nio-8080-exec-7] m.m.a.RequestResponseBodyMethodProcessor : Using 'application/json;q=0.8', given [text/html, application/xhtml+xml, image/webp, image/apng, application/signed-exchange;v=b3, application/xml;q=0.9, */*;q=0.8] and supported [application/json, application/*+json, application/json, application/*+json]
2019-12-11 00:09:16.549 DEBUG 5312 --- [http-nio-8080-exec-7] m.m.a.RequestResponseBodyMethodProcessor : Writing [{"members":[{"pass":"123","friend":{},"id":2,"user":"kayle","email":null},{"pass":"123","friend":{}, (truncated)...]
2019-12-11 00:09:16.551 DEBUG 5312 --- [http-nio-8080-exec-7] o.s.web.servlet.DispatcherServlet        : Completed 200 OK
2019-12-11 00:09:25.842  INFO 5312 --- [RMI TCP Connection(11)-127.0.0.1] inMXBeanRegistrar$SpringApplicationAdmin : Application shutdown requested.
2019-12-11 00:09:25.845  INFO 5312 --- [RMI TCP Connection(11)-127.0.0.1] o.s.s.concurrent.ThreadPoolTaskExecutor  : Shutting down ExecutorService 'applicationTaskExecutor'
2019-12-11 00:09:25.846  INFO 5312 --- [RMI TCP Connection(11)-127.0.0.1] j.LocalContainerEntityManagerFactoryBean : Closing JPA EntityManagerFactory for persistence unit 'default'
2019-12-11 00:09:25.849  INFO 5312 --- [RMI TCP Connection(11)-127.0.0.1] com.zaxxer.hikari.HikariDataSource       : HikariPool-1 - Shutdown initiated...
2019-12-11 00:09:25.860  INFO 5312 --- [RMI TCP Connection(11)-127.0.0.1] com.zaxxer.hikari.HikariDataSource       : HikariPool-1 - Shutdown completed.
2019-12-11 13:34:02.116  INFO 2796 --- [main] com.drawgame.DrawchatApp                 : Starting DrawchatApp on PANDA with PID 2796 (C:\Users\Administrator\sb_2\sb_2\Spring\target\classes started by Administrator in C:\Users\Administrator\sb_2\sb_2\Spring)
2019-12-11 13:34:02.118  INFO 2796 --- [main] com.drawgame.DrawchatApp                 : No active profile set, falling back to default profiles: default
2019-12-11 13:34:02.726  INFO 2796 --- [main] .s.d.r.c.RepositoryConfigurationDelegate : Bootstrapping Spring Data repositories in DEFAULT mode.
2019-12-11 13:34:02.807  INFO 2796 --- [main] .s.d.r.c.RepositoryConfigurationDelegate : Finished Spring Data repository scanning in 72ms. Found 3 repository interfaces.
2019-12-11 13:34:03.148  INFO 2796 --- [main] trationDelegate$BeanPostProcessorChecker : Bean 'org.springframework.transaction.annotation.ProxyTransactionManagementConfiguration' of type [org.springframework.transaction.annotation.ProxyTransactionManagementConfiguration$$EnhancerBySpringCGLIB$$4493a75b] is not eligible for getting processed by all BeanPostProcessors (for example: not eligible for auto-proxying)
2019-12-11 13:34:03.421  INFO 2796 --- [main] o.s.b.w.embedded.tomcat.TomcatWebServer  : Tomcat initialized with port(s): 8080 (http)
2019-12-11 13:34:03.445  INFO 2796 --- [main] o.apache.catalina.core.StandardService   : Starting service [Tomcat]
2019-12-11 13:34:03.446  INFO 2796 --- [main] org.apache.catalina.core.StandardEngine  : Starting Servlet engine: [Apache Tomcat/9.0.24]
2019-12-11 13:34:03.549  INFO 2796 --- [main] o.a.c.c.C.[Tomcat].[localhost].[/]       : Initializing Spring embedded WebApplicationContext
2019-12-11 13:34:03.549 DEBUG 2796 --- [main] o.s.web.context.ContextLoader            : Published root WebApplicationContext as ServletContext attribute with name [org.springframework.web.context.WebApplicationContext.ROOT]
2019-12-11 13:34:03.549  INFO 2796 --- [main] o.s.web.context.ContextLoader            : Root WebApplicationContext: initialization completed in 1396 ms
2019-12-11 13:34:03.574 DEBUG 2796 --- [main] o.s.b.w.s.ServletContextInitializerBeans : Mapping filters: characterEncodingFilter urls=[/*], hiddenHttpMethodFilter urls=[/*], formContentFilter urls=[/*], requestContextFilter urls=[/*]
2019-12-11 13:34:03.575 DEBUG 2796 --- [main] o.s.b.w.s.ServletContextInitializerBeans : Mapping servlets: dispatcherServlet urls=[/]
2019-12-11 13:34:03.724  INFO 2796 --- [main] com.zaxxer.hikari.HikariDataSource       : HikariPool-1 - Starting...
2019-12-11 13:34:04.774  INFO 2796 --- [main] com.zaxxer.hikari.HikariDataSource       : HikariPool-1 - Start completed.
2019-12-11 13:34:04.836  INFO 2796 --- [main] o.hibernate.jpa.internal.util.LogHelper  : HHH000204: Processing PersistenceUnitInfo [
	name: default
	...]
2019-12-11 13:34:04.925  INFO 2796 --- [main] org.hibernate.Version                    : HHH000412: Hibernate Core {5.3.11.Final}
2019-12-11 13:34:04.926  INFO 2796 --- [main] org.hibernate.cfg.Environment            : HHH000206: hibernate.properties not found
2019-12-11 13:34:05.133  INFO 2796 --- [main] o.hibernate.annotations.common.Version   : HCANN000001: Hibernate Commons Annotations {5.0.4.Final}
2019-12-11 13:34:05.327  INFO 2796 --- [main] org.hibernate.dialect.Dialect            : HHH000400: Using dialect: org.hibernate.dialect.MySQL5Dialect
2019-12-11 13:34:06.774  INFO 2796 --- [main] o.h.t.schema.internal.SchemaCreatorImpl  : HHH000476: Executing import script 'org.hibernate.tool.schema.internal.exec.ScriptSourceInputNonExistentImpl@36359723'
2019-12-11 13:34:06.776  INFO 2796 --- [main] j.LocalContainerEntityManagerFactoryBean : Initialized JPA EntityManagerFactory for persistence unit 'default'
2019-12-11 13:34:07.096 DEBUG 2796 --- [main] o.s.w.s.handler.SimpleUrlHandlerMapping  : Patterns [/**/favicon.ico] in 'faviconHandlerMapping'
2019-12-11 13:34:07.226  INFO 2796 --- [main] o.s.s.concurrent.ThreadPoolTaskExecutor  : Initializing ExecutorService 'applicationTaskExecutor'
2019-12-11 13:34:07.240 DEBUG 2796 --- [main] s.w.s.m.m.a.RequestMappingHandlerAdapter : ControllerAdvice beans: 0 @ModelAttribute, 0 @InitBinder, 1 RequestBodyAdvice, 1 ResponseBodyAdvice
2019-12-11 13:34:07.262  WARN 2796 --- [main] aWebConfiguration$JpaWebMvcConfiguration : spring.jpa.open-in-view is enabled by default. Therefore, database queries may be performed during view rendering. Explicitly configure spring.jpa.open-in-view to disable this warning
2019-12-11 13:34:07.299 DEBUG 2796 --- [main] s.w.s.m.m.a.RequestMappingHandlerMapping : 36 mappings in 'requestMappingHandlerMapping'
2019-12-11 13:34:07.312 DEBUG 2796 --- [main] o.s.w.s.handler.SimpleUrlHandlerMapping  : Patterns [/webjars/**, /**] in 'resourceHandlerMapping'
2019-12-11 13:34:07.320 DEBUG 2796 --- [main] .m.m.a.ExceptionHandlerExceptionResolver : ControllerAdvice beans: 0 @ExceptionHandler, 1 ResponseBodyAdvice
2019-12-11 13:34:07.403 DEBUG 2796 --- [main] o.s.w.s.s.s.ServerEndpointExporter       : Registering @ServerEndpoint class: class com.drawgame.websocket.GameWebSocketServer
2019-12-11 13:34:07.409 DEBUG 2796 --- [main] o.s.w.s.s.s.ServerEndpointExporter       : Registering @ServerEndpoint class: class com.drawgame.websocket.LobbyWebSocketServer
2019-12-11 13:34:07.409 DEBUG 2796 --- [main] o.s.w.s.s.s.ServerEndpointExporter       : Registering @ServerEndpoint class: class com.drawgame.websocket.RoomWebSocketServer
2019-12-11 13:34:07.453  INFO 2796 --- [main] o.s.b.w.embedded.tomcat.TomcatWebServer  : Tomcat started on port(s): 8080 (http) with context path ''
2019-12-11 13:34:07.461  INFO 2796 --- [main] com.drawgame.DrawchatApp                 : Started DrawchatApp in 5.72 seconds (JVM running for 6.627)
2019-12-11 13:34:19.600  INFO 2796 --- [http-nio-8080-exec-1] o.a.c.c.C.[Tomcat].[localhost].[/]       : Initializing Spring DispatcherServlet 'dispatcherServlet'
2019-12-11 13:34:19.601  INFO 2796 --- [http-nio-8080-exec-1] o.s.web.servlet.DispatcherServlet        : Initializing Servlet 'dispatcherServlet'
2019-12-11 13:34:19.601 DEBUG 2796 --- [http-nio-8080-exec-1] o.s.web.servlet.DispatcherServlet        : Detected StandardServletMultipartResolver
2019-12-11 13:34:19.610 DEBUG 2796 --- [http-nio-8080-exec-1] o.s.web.servlet.DispatcherServlet        : enableLoggingRequestDetails='false': request parameters and headers will be masked to prevent unsafe logging of potentially sensitive data
2019-12-11 13:34:19.610  INFO 2796 --- [http-nio-8080-exec-1] o.s.web.servlet.DispatcherServlet        : Completed initialization in 9 ms
2019-12-11 13:34:19.621 DEBUG 2796 --- [http-nio-8080-exec-1] o.s.web.servlet.DispatcherServlet        : GET "/initub", parameters={}
2019-12-11 13:34:19.627 DEBUG 2796 --- [http-nio-8080-exec-1] s.w.s.m.m.a.RequestMappingHandlerMapping : Mapped to private void com.drawgame.controller.RegisterController.initub()
2019-12-11 13:34:19.784  INFO 2796 --- [http-nio-8080-exec-1] o.h.h.i.QueryTranslatorFactoryInitiator  : HHH000397: Using ASTQueryTranslatorFactory
2019-12-11 13:34:22.155 DEBUG 2796 --- [http-nio-8080-exec-1] m.m.a.RequestResponseBodyMethodProcessor : Using 'application/json;q=0.8', given [text/html, application/xhtml+xml, image/webp, image/apng, application/signed-exchange;v=b3, application/xml;q=0.9, */*;q=0.8] and supported [application/json, application/*+json, application/json, application/*+json]
2019-12-11 13:34:22.156 DEBUG 2796 --- [http-nio-8080-exec-1] m.m.a.RequestResponseBodyMethodProcessor : Nothing to write: null body
2019-12-11 13:34:22.157 DEBUG 2796 --- [http-nio-8080-exec-1] o.s.web.servlet.DispatcherServlet        : Completed 200 OK
2019-12-11 13:34:29.619 DEBUG 2796 --- [http-nio-8080-exec-2] o.s.web.servlet.DispatcherServlet        : GET "/potentialFriends/1", parameters={}
2019-12-11 13:34:29.622 DEBUG 2796 --- [http-nio-8080-exec-2] s.w.s.m.m.a.RequestMappingHandlerMapping : Mapped to public org.json.simple.JSONObject com.drawgame.controller.UserController.potentialFriends(java.lang.Integer)
2019-12-11 13:34:29.915 DEBUG 2796 --- [http-nio-8080-exec-2] m.m.a.RequestResponseBodyMethodProcessor : Using 'application/json;q=0.8', given [text/html, application/xhtml+xml, image/webp, image/apng, application/signed-exchange;v=b3, application/xml;q=0.9, */*;q=0.8] and supported [application/json, application/*+json, application/json, application/*+json]
2019-12-11 13:34:29.917 DEBUG 2796 --- [http-nio-8080-exec-2] m.m.a.RequestResponseBodyMethodProcessor : Writing [{"members":[{"pass":"123","friend":{},"id":2,"user":"kayle","email":null},{"pass":"123","friend":{}, (truncated)...]
2019-12-11 13:34:29.941 DEBUG 2796 --- [http-nio-8080-exec-2] o.s.web.servlet.DispatcherServlet        : Completed 200 OK
2019-12-11 13:34:34.182 DEBUG 2796 --- [http-nio-8080-exec-3] o.s.web.servlet.DispatcherServlet        : GET "/potentialFriends/3", parameters={}
2019-12-11 13:34:34.185 DEBUG 2796 --- [http-nio-8080-exec-3] s.w.s.m.m.a.RequestMappingHandlerMapping : Mapped to public org.json.simple.JSONObject com.drawgame.controller.UserController.potentialFriends(java.lang.Integer)
2019-12-11 13:34:34.448 DEBUG 2796 --- [http-nio-8080-exec-3] m.m.a.RequestResponseBodyMethodProcessor : Using 'application/json;q=0.8', given [text/html, application/xhtml+xml, image/webp, image/apng, application/signed-exchange;v=b3, application/xml;q=0.9, */*;q=0.8] and supported [application/json, application/*+json, application/json, application/*+json]
2019-12-11 13:34:34.448 DEBUG 2796 --- [http-nio-8080-exec-3] m.m.a.RequestResponseBodyMethodProcessor : Writing [{"members":[{"pass":"123","friend":{},"id":1,"user":"ahmed","email":null},{"pass":"123","friend":{}, (truncated)...]
2019-12-11 13:34:34.450 DEBUG 2796 --- [http-nio-8080-exec-3] o.s.web.servlet.DispatcherServlet        : Completed 200 OK
2019-12-11 13:35:07.244 DEBUG 2796 --- [http-nio-8080-exec-4] o.s.web.servlet.DispatcherServlet        : GET "/editScore/1/5", parameters={}
2019-12-11 13:35:07.246 DEBUG 2796 --- [http-nio-8080-exec-4] s.w.s.m.m.a.RequestMappingHandlerMapping : Mapped to java.lang.String com.drawgame.controller.UserController.changeScore(java.lang.Integer,int)
2019-12-11 13:35:07.667 DEBUG 2796 --- [http-nio-8080-exec-4] m.m.a.RequestResponseBodyMethodProcessor : Using 'text/html', given [text/html, application/xhtml+xml, image/webp, image/apng, application/signed-exchange;v=b3, application/xml;q=0.9, */*;q=0.8] and supported [text/plain, */*, text/plain, */*, application/json, application/*+json, application/json, application/*+json]
2019-12-11 13:35:07.667 DEBUG 2796 --- [http-nio-8080-exec-4] m.m.a.RequestResponseBodyMethodProcessor : Writing ["score has been changed"]
2019-12-11 13:35:07.670 DEBUG 2796 --- [http-nio-8080-exec-4] o.s.web.servlet.DispatcherServlet        : Completed 200 OK
2019-12-11 13:35:14.097 DEBUG 2796 --- [http-nio-8080-exec-5] o.s.web.servlet.DispatcherServlet        : GET "/users", parameters={}
2019-12-11 13:35:14.097 DEBUG 2796 --- [http-nio-8080-exec-5] s.w.s.m.m.a.RequestMappingHandlerMapping : Mapped to java.util.List<com.drawgame.model.User> com.drawgame.controller.UserController.getUsers()
2019-12-11 13:35:14.357 DEBUG 2796 --- [http-nio-8080-exec-5] m.m.a.RequestResponseBodyMethodProcessor : Using 'application/json;q=0.8', given [text/html, application/xhtml+xml, image/webp, image/apng, application/signed-exchange;v=b3, application/xml;q=0.9, */*;q=0.8] and supported [application/json, application/*+json, application/json, application/*+json]
2019-12-11 13:35:14.358 DEBUG 2796 --- [http-nio-8080-exec-5] m.m.a.RequestResponseBodyMethodProcessor : Writing [[com.drawgame.model.User@7ca8b751, com.drawgame.model.User@3344e9e8, com.drawgame.model.User@40a886e (truncated)...]
2019-12-11 13:35:14.541 DEBUG 2796 --- [http-nio-8080-exec-5] o.s.web.servlet.DispatcherServlet        : Completed 200 OK
2019-12-11 13:35:32.759  INFO 2796 --- [RMI TCP Connection(11)-127.0.0.1] inMXBeanRegistrar$SpringApplicationAdmin : Application shutdown requested.
2019-12-11 13:35:32.763  INFO 2796 --- [RMI TCP Connection(11)-127.0.0.1] o.s.s.concurrent.ThreadPoolTaskExecutor  : Shutting down ExecutorService 'applicationTaskExecutor'
2019-12-11 13:35:32.764  INFO 2796 --- [RMI TCP Connection(11)-127.0.0.1] j.LocalContainerEntityManagerFactoryBean : Closing JPA EntityManagerFactory for persistence unit 'default'
2019-12-11 13:35:32.768  INFO 2796 --- [RMI TCP Connection(11)-127.0.0.1] com.zaxxer.hikari.HikariDataSource       : HikariPool-1 - Shutdown initiated...
2019-12-11 13:35:32.777  INFO 2796 --- [RMI TCP Connection(11)-127.0.0.1] com.zaxxer.hikari.HikariDataSource       : HikariPool-1 - Shutdown completed.
